nohup: ignoring input
[2025-12-24 18:05:13] 🚀 后台迁移脚本启动
[2025-12-24 18:05:13] 📡 数据库: localhost:5432/poison_db
[2025-12-24 18:05:13] ✅ 256个分表已创建
[2025-12-24 18:05:21] 📊 源表总数据量: 159,416,709
[2025-12-24 18:05:21] 📋 已迁移分表数: 0/256
[2025-12-24 18:05:21] ⏳ 待迁移分表数: 256
[2025-12-24 18:06:41] ✅ vanity_00: 622,063 条 | 进度: 0.4% | ETA: 0.0分钟
[2025-12-24 18:08:02] ✅ vanity_01: 621,385 条 | 进度: 0.8% | ETA: 339.5分钟
[2025-12-24 18:09:22] ✅ vanity_02: 622,667 条 | 进度: 1.2% | ETA: 337.9分钟
[2025-12-24 18:10:42] ✅ vanity_03: 623,049 条 | 进度: 1.6% | ETA: 336.6分钟
[2025-12-24 18:12:02] ✅ vanity_04: 623,018 条 | 进度: 2.0% | ETA: 335.2分钟
[2025-12-24 18:13:22] ✅ vanity_05: 623,941 条 | 进度: 2.3% | ETA: 334.0分钟
[2025-12-24 18:14:43] ✅ vanity_06: 623,749 条 | 进度: 2.7% | ETA: 333.2分钟
[2025-12-24 18:16:04] ✅ vanity_07: 621,994 条 | 进度: 3.1% | ETA: 332.1分钟
[2025-12-24 18:17:25] ✅ vanity_08: 623,324 条 | 进度: 3.5% | ETA: 330.9分钟
[2025-12-24 18:18:45] ✅ vanity_09: 625,432 条 | 进度: 3.9% | ETA: 329.7分钟
[2025-12-24 18:20:06] ✅ vanity_0a: 622,678 条 | 进度: 4.3% | ETA: 328.6分钟
[2025-12-24 18:21:27] ✅ vanity_0b: 624,711 条 | 进度: 4.7% | ETA: 327.4分钟
[2025-12-24 18:22:48] ✅ vanity_0c: 623,756 条 | 进度: 5.1% | ETA: 326.3分钟
[2025-12-24 18:24:10] ✅ vanity_0d: 624,559 条 | 进度: 5.5% | ETA: 325.2分钟
[2025-12-24 18:25:31] ✅ vanity_0e: 625,019 条 | 进度: 5.9% | ETA: 324.1分钟
[2025-12-24 18:26:52] ✅ vanity_0f: 625,609 条 | 进度: 6.2% | ETA: 322.7分钟
[2025-12-24 18:28:13] ✅ vanity_10: 624,648 条 | 进度: 6.6% | ETA: 321.4分钟
[2025-12-24 18:29:33] ✅ vanity_11: 624,553 条 | 进度: 7.0% | ETA: 320.0分钟
[2025-12-24 18:30:54] ✅ vanity_12: 624,973 条 | 进度: 7.4% | ETA: 318.7分钟
[2025-12-24 18:32:15] ✅ vanity_13: 624,305 条 | 进度: 7.8% | ETA: 317.4分钟
